0 info it worked if it ends with ok
1 verbose cli [ '/usr/local/bin/node', '/usr/local/bin/npm', 'run', 'dev' ]
2 info using npm@3.10.3
3 info using node@v6.5.0
4 verbose run-script [ 'predev', 'dev', 'postdev' ]
5 info lifecycle scaffold@1.0.0~predev: scaffold@1.0.0
6 silly lifecycle scaffold@1.0.0~predev: no script for predev, continuing
7 info lifecycle scaffold@1.0.0~dev: scaffold@1.0.0
8 verbose lifecycle scaffold@1.0.0~dev: unsafe-perm in lifecycle true
9 verbose lifecycle scaffold@1.0.0~dev: PATH: /usr/local/lib/node_modules/npm/bin/node-gyp-bin:/Users/mauri213/Desktop/Notes/JavaScript/pokemonapp/node_modules/.bin:/usr/local/bin:/usr/local/bin:/usr/bin:/bin:/usr/sbin:/sbin
10 verbose lifecycle scaffold@1.0.0~dev: CWD: /Users/mauri213/Desktop/Notes/JavaScript/pokemonapp
11 silly lifecycle scaffold@1.0.0~dev: Args: [ '-c', 'npm run watch:js & npm start' ]
12 silly lifecycle scaffold@1.0.0~dev: Returned: code: 1  signal: null
13 info lifecycle scaffold@1.0.0~dev: Failed to exec dev script
14 verbose stack Error: scaffold@1.0.0 dev: `npm run watch:js & npm start`
14 verbose stack Exit status 1
14 verbose stack     at EventEmitter.<anonymous> (/usr/local/lib/node_modules/npm/lib/utils/lifecycle.js:242:16)
14 verbose stack     at emitTwo (events.js:106:13)
14 verbose stack     at EventEmitter.emit (events.js:191:7)
14 verbose stack     at ChildProcess.<anonymous> (/usr/local/lib/node_modules/npm/lib/utils/spawn.js:40:14)
14 verbose stack     at emitTwo (events.js:106:13)
14 verbose stack     at ChildProcess.emit (events.js:191:7)
14 verbose stack     at maybeClose (internal/child_process.js:877:16)
14 verbose stack     at Process.ChildProcess._handle.onexit (internal/child_process.js:226:5)
15 verbose pkgid scaffold@1.0.0
16 verbose cwd /Users/mauri213/Desktop/Notes/JavaScript/pokemonapp
17 error Darwin 15.6.0
18 error argv "/usr/local/bin/node" "/usr/local/bin/npm" "run" "dev"
19 error node v6.5.0
20 error npm  v3.10.3
21 error code ELIFECYCLE
22 error scaffold@1.0.0 dev: `npm run watch:js & npm start`
22 error Exit status 1
23 error Failed at the scaffold@1.0.0 dev script 'npm run watch:js & npm start'.
23 error Make sure you have the latest version of node.js and npm installed.
23 error If you do, this is most likely a problem with the scaffold package,
23 error not with npm itself.
23 error Tell the author that this fails on your system:
23 error     npm run watch:js & npm start
23 error You can get information on how to open an issue for this project with:
23 error     npm bugs scaffold
23 error Or if that isn't available, you can get their info via:
23 error     npm owner ls scaffold
23 error There is likely additional logging output above.
24 verbose exit [ 1, true ]
